<?xml version="1.0" encoding="UTF-8"?>
<!-- Generated by org.testng.reporters.JUnitXMLReporter -->
<testsuite hostname="vijay" ignored="0" name="Default test" tests="3" failures="0" timestamp="14 Aug 2018 18:44:26 GMT" time="52.413" errors="0">
  <testcase name="CRMLogoTest" time="0.181" classname="com.qa.testcases.TestLoginPage"/>
  <testcase name="LoginpageTitleTest" time="0.102" classname="com.qa.testcases.TestLoginPage"/>
  <testcase name="logintest" time="16.84" classname="com.qa.testcases.TestLoginPage"/>
</testsuite> <!-- Default test -->
