<?xml version="1.0" encoding="UTF-8"?>
<testng-results skipped="0" failed="0" ignored="0" total="3" passed="3">
  <reporter-output>
  </reporter-output>
  <suite name="Default suite" duration-ms="67757" started-at="2018-08-17T05:00:13Z" finished-at="2018-08-17T05:01:20Z">
    <groups>
    </groups>
    <test name="Default test" duration-ms="67757" started-at="2018-08-17T05:00:13Z" finished-at="2018-08-17T05:01:20Z">
      <class name="com.qa.testcases.TestLoginPage">
        <test-method status="PASS" signature="setup()[pri:0, instance:com.qa.testcases.TestLoginPage@6043cd28]" name="setup" is-config="true" duration-ms="23983" started-at="2018-08-17T10:30:13Z" finished-at="2018-08-17T10:30:37Z">
          <reporter-output>
          </reporter-output>
        </test-method> <!-- setup -->
        <test-method status="PASS" signature="CRMLogoTest()[pri:0, instance:com.qa.testcases.TestLoginPage@6043cd28]" name="CRMLogoTest" duration-ms="66" started-at="2018-08-17T10:30:37Z" finished-at="2018-08-17T10:30:37Z">
          <reporter-output>
          </reporter-output>
        </test-method> <!-- CRMLogoTest -->
        <test-method status="PASS" signature="teardown()[pri:0, instance:com.qa.testcases.TestLoginPage@6043cd28]" name="teardown" is-config="true" duration-ms="1591" started-at="2018-08-17T10:30:37Z" finished-at="2018-08-17T10:30:38Z">
          <reporter-output>
          </reporter-output>
        </test-method> <!-- teardown -->
        <test-method status="PASS" signature="setup()[pri:0, instance:com.qa.testcases.TestLoginPage@6043cd28]" name="setup" is-config="true" duration-ms="13862" started-at="2018-08-17T10:30:38Z" finished-at="2018-08-17T10:30:52Z">
          <reporter-output>
          </reporter-output>
        </test-method> <!-- setup -->
        <test-method status="PASS" signature="LoginpageTitleTest()[pri:0, instance:com.qa.testcases.TestLoginPage@6043cd28]" name="LoginpageTitleTest" duration-ms="17" started-at="2018-08-17T10:30:52Z" finished-at="2018-08-17T10:30:52Z">
          <reporter-output>
          </reporter-output>
        </test-method> <!-- LoginpageTitleTest -->
        <test-method status="PASS" signature="teardown()[pri:0, instance:com.qa.testcases.TestLoginPage@6043cd28]" name="teardown" is-config="true" duration-ms="1264" started-at="2018-08-17T10:30:52Z" finished-at="2018-08-17T10:30:53Z">
          <reporter-output>
          </reporter-output>
        </test-method> <!-- teardown -->
        <test-method status="PASS" signature="setup()[pri:0, instance:com.qa.testcases.TestLoginPage@6043cd28]" name="setup" is-config="true" duration-ms="13033" started-at="2018-08-17T10:30:53Z" finished-at="2018-08-17T10:31:07Z">
          <reporter-output>
          </reporter-output>
        </test-method> <!-- setup -->
        <test-method status="PASS" signature="logintest()[pri:0, instance:com.qa.testcases.TestLoginPage@6043cd28]" name="logintest" duration-ms="12576" started-at="2018-08-17T10:31:07Z" finished-at="2018-08-17T10:31:19Z">
          <reporter-output>
          </reporter-output>
        </test-method> <!-- logintest -->
        <test-method status="PASS" signature="teardown()[pri:0, instance:com.qa.testcases.TestLoginPage@6043cd28]" name="teardown" is-config="true" duration-ms="1313" started-at="2018-08-17T10:31:19Z" finished-at="2018-08-17T10:31:20Z">
          <reporter-output>
          </reporter-output>
        </test-method> <!-- teardown -->
      </class> <!-- com.qa.testcases.TestLoginPage -->
    </test> <!-- Default test -->
  </suite> <!-- Default suite -->
</testng-results>
