<?xml version="1.0" encoding="UTF-8"?>
<!-- Generated by org.testng.reporters.JUnitXMLReporter -->
<testsuite hostname="PC365987" ignored="0" name="Default test" tests="3" failures="0" timestamp="17 Aug 2018 05:01:21 GMT" time="67.757" errors="0">
  <testcase name="CRMLogoTest" time="0.066" classname="com.qa.testcases.TestLoginPage"/>
  <testcase name="LoginpageTitleTest" time="0.017" classname="com.qa.testcases.TestLoginPage"/>
  <testcase name="logintest" time="12.576" classname="com.qa.testcases.TestLoginPage"/>
</testsuite> <!-- Default test -->
